<?xml version="1.0" encoding="UTF-8"?>
<!-- Generated by org.testng.reporters.JUnitReportReporter -->
<testsuite hostname="LAPTOP-IL8TFG41" failures="0" tests="3" name="JSONDataDriven.DDJSON" time="31.069" errors="0" timestamp="08 Aug 2020 18:39:09 GMT" skipped="0">
  <testcase classname="JSONDataDriven.DDJSON" name="Login" time="9.655"/>
  <testcase classname="JSONDataDriven.DDJSON" name="Login" time="9.724"/>
  <testcase classname="JSONDataDriven.DDJSON" name="Login" time="11.690"/>
</testsuite> <!-- JSONDataDriven.DDJSON -->
