<?xml version="1.0" encoding="UTF-8"?>
<!-- Generated by org.testng.reporters.JUnitReportReporter -->
<testsuite hostname="LAPTOP-IL8TFG41" failures="0" tests="1" name="TestCases.test11" time="0.002" errors="0" timestamp="05 Aug 2020 17:34:16 GMT" skipped="0">
  <testcase classname="TestCases.test11" name="sample" time="0.002"/>
</testsuite> <!-- TestCases.test11 -->
