<?xml version="1.0" encoding="UTF-8"?>
<!-- Generated by org.testng.reporters.JUnitReportReporter -->
<testsuite hostname="LAPTOP-IL8TFG41" failures="0" tests="3" name="DDT_Library.GuruLoginDataDriven" time="0.000" errors="0" timestamp="2021-07-15T17:26:56 IST" skipped="3">
  <testcase classname="DDT_Library.GuruLoginDataDriven" name="LoginTo" time="0.000">
    <skipped/>
  </testcase> <!-- LoginTo -->
  <system-out/>
  <testcase classname="DDT_Library.GuruLoginDataDriven" name="LoginTo" time="0.000">
    <skipped/>
  </testcase> <!-- LoginTo -->
  <system-out/>
  <testcase classname="DDT_Library.GuruLoginDataDriven" name="LoginTo" time="0.000">
    <skipped/>
  </testcase> <!-- LoginTo -->
  <system-out/>
</testsuite> <!-- DDT_Library.GuruLoginDataDriven -->
