<?xml version="1.0" encoding="UTF-8"?>
<!-- Generated by org.testng.reporters.JUnitReportReporter -->
<testsuite hostname="LAPTOP-IL8TFG41" failures="0" tests="1" name="TestCases.readexceldata" time="0.159" errors="0" timestamp="06 Aug 2020 16:50:07 GMT" skipped="0">
  <testcase classname="TestCases.readexceldata" name="ReadData" time="0.159"/>
</testsuite> <!-- TestCases.readexceldata -->
