<?xml version="1.0" encoding="UTF-8"?>
<!-- Generated by org.testng.reporters.JUnitReportReporter -->
<testsuite hostname="LAPTOP-IL8TFG41" failures="0" tests="1" name="TestCases.Login" time="0.000" errors="0" timestamp="2021-07-15T17:26:56 IST" skipped="1">
  <testcase classname="TestCases.Login" name="LoginToApplication" time="0.000">
    <skipped/>
  </testcase> <!-- LoginToApplication -->
  <system-out/>
</testsuite> <!-- TestCases.Login -->
