<?xml version="1.0" encoding="UTF-8"?>
<!-- Generated by org.testng.reporters.JUnitReportReporter -->
<testsuite hostname="LAPTOP-IL8TFG41" failures="0" tests="1" name="TestCases.Login" time="0.909" errors="0" timestamp="06 Aug 2020 16:32:08 GMT" skipped="0">
  <testcase classname="TestCases.Login" name="LoginToApplication" time="0.909"/>
</testsuite> <!-- TestCases.Login -->
