<?xml version="1.0" encoding="UTF-8"?>
<!-- Generated by org.testng.reporters.JUnitReportReporter -->
<testsuite hostname="LAPTOP-IL8TFG41" failures="0" tests="1" name="DDT_Library.GuruLogin" time="8.397" errors="0" timestamp="08 Aug 2020 16:49:53 GMT" skipped="0">
  <testcase classname="DDT_Library.GuruLogin" name="Login" time="8.397"/>
</testsuite> <!-- DDT_Library.GuruLogin -->
