<?xml version="1.0" encoding="UTF-8"?>
<!-- Generated by org.testng.reporters.JUnitReportReporter -->
<testsuite hostname="LAPTOP-IL8TFG41" failures="0" tests="1" name="DDT_Library.GuruLogin" time="0.000" errors="0" timestamp="2021-07-15T17:26:56 IST" skipped="1">
  <testcase classname="DDT_Library.GuruLogin" name="Login" time="0.000">
    <skipped/>
  </testcase> <!-- Login -->
  <system-out/>
</testsuite> <!-- DDT_Library.GuruLogin -->
