<?xml version="1.0" encoding="UTF-8"?>
<!-- Generated by org.testng.reporters.JUnitReportReporter -->
<testsuite hostname="LAPTOP-IL8TFG41" failures="0" tests="1" name="TestCases.Login" time="2.136" errors="0" timestamp="26 Jul 2020 23:07:16 GMT" skipped="0">
  <testcase classname="TestCases.Login" name="LoginToApplication" time="2.136"/>
</testsuite> <!-- TestCases.Login -->
