<?xml version="1.0" encoding="UTF-8"?>
<!-- Generated by org.testng.reporters.JUnitReportReporter -->
<testsuite hostname="LAPTOP-IL8TFG41" failures="0" tests="3" name="DDT_Library.GuruLoginDataDriven" time="22.077" errors="0" timestamp="08 Aug 2020 17:13:06 GMT" skipped="0">
  <testcase classname="DDT_Library.GuruLoginDataDriven" name="LoginTo" time="7.206"/>
  <testcase classname="DDT_Library.GuruLoginDataDriven" name="LoginTo" time="7.063"/>
  <testcase classname="DDT_Library.GuruLoginDataDriven" name="LoginTo" time="7.808"/>
</testsuite> <!-- DDT_Library.GuruLoginDataDriven -->
