<?xml version="1.0" encoding="UTF-8"?>
<!-- Generated by org.testng.reporters.JUnitReportReporter -->
<testsuite hostname="LAPTOP-IL8TFG41" failures="0" tests="1" name="DDT_Library.GuruLogin" time="11.668" errors="0" timestamp="08 Aug 2020 14:43:57 GMT" skipped="0">
  <testcase classname="DDT_Library.GuruLogin" name="Login" time="11.668"/>
</testsuite> <!-- DDT_Library.GuruLogin -->
